<?xml version="1.0" encoding="UTF-8"?>
<testsuite xmlns:xsi="http://www.w3.org/2001/XMLSchema-instance" xsi:noNamespaceSchemaLocation="https://maven.apache.org/surefire/maven-surefire-plugin/xsd/surefire-test-report.xsd" name="OrderCreateTest" time="0.739" tests="4" errors="0" skipped="0" failures="0">
  <properties>
[...]
</properties>
  <testcase name="orderCreateTestColorField[0]" classname="OrderCreateTest" time="0.202"/>
  <testcase name="orderCreateTestColorField[1]" classname="OrderCreateTest" time="0.226"/>
  <testcase name="orderCreateTestColorField[2]" classname="OrderCreateTest" time="0.141"/>
  <testcase name="orderCreateTestColorField[3]" classname="OrderCreateTest" time="0.138"/>
</testsuite>